#
# There is insufficient memory for the Java Runtime Environment to continue.
# Native memory allocation (mmap) failed to map 130023424 bytes for Failed to commit area from 0x0000000085e00000 to 0x000000008da00000 of length 130023424.
# Possible reasons:
#   The system is out of physical RAM or swap space
#   The process is running with CompressedOops enabled, and the Java Heap may be blocking the growth of the native heap
# Possible solutions:
#   Reduce memory load on the system
#   Increase physical memory or swap space
#   Check if swap backing store is full
#   Decrease Java heap size (-Xmx/-Xms)
#   Decrease number of Java threads
#   Decrease Java thread stack sizes (-Xss)
#   Set larger code cache with -XX:ReservedCodeCacheSize=
# This output file may be truncated or incomplete.
#
#  Out of Memory Error (c:/BuildAgent/work/5ff2f6c26000d570/src/hotspot/os/windows/os_windows.cpp:3272), pid=355080, tid=336964
#
# JRE version:  (11.0.3+12) (build )
# Java VM: OpenJDK 64-Bit Server VM (11.0.3+12-b304.56, mixed mode, aot, sharing, tiered, compressed oops, g1 gc, windows-amd64)
# No core dump will be written. Minidumps are not enabled by default on client versions of Windows
#

---------------  S U M M A R Y ------------

Command Line: -Dmaven.multiModuleProjectDirectory=E:\Source\gitlab38\gwm-eitt-platform -Dmaven.home=D:\apache-maven-3.6.1 -Dclassworlds.conf=D:\apache-maven-3.6.1\bin\m2.conf -Dmaven.ext.class.path=D:\Program Files\JetBrains\IntelliJ IDEA 2019.2.2\plugins\maven\lib\maven-event-listener.jar -javaagent:D:\Program Files\JetBrains\IntelliJ IDEA 2019.2.2\lib\idea_rt.jar=60387:D:\Program Files\JetBrains\IntelliJ IDEA 2019.2.2\bin -Dfile.encoding=UTF-8 org.codehaus.classworlds.Launcher -Didea.version2019.2.2 -s D:\apache-maven-3.6.1\conf\settings.xml -Dmaven.repo.local=E:\Maven\Repository compile

Host: Intel(R) Core(TM) i5-8265U CPU @ 1.60GHz, 8 cores, 7G,  Windows 10 , 64 bit Build 18362 (10.0.18362.329)
Time: Tue Dec  3 16:09:18 2019 ?D1¨²¡À¨º¡Á?¨º¡À?? elapsed time: 0 seconds (0d 0h 0m 0s)

---------------  T H R E A D  ---------------

Current thread (0x000001efd97fc800):  JavaThread "Unknown thread" [_thread_in_vm, id=336964, stack(0x0000003f1c800000,0x0000003f1c900000)]

Stack: [0x0000003f1c800000,0x0000003f1c900000]
Native frames: (J=compiled Java code, j=interpreted, Vv=VM code, C=native code)
V  [jvm.dll+0x5da77a]
V  [jvm.dll+0x70b9c9]
V  [jvm.dll+0x70cee8]
V  [jvm.dll+0x70d5b3]
V  [jvm.dll+0x23ddc8]
V  [jvm.dll+0x5d7ef4]
V  [jvm.dll+0x5ccfc5]
V  [jvm.dll+0x2fa44b]
V  [jvm.dll+0x2fa3ba]
V  [jvm.dll+0x2fa292]
V  [jvm.dll+0x2ff156]
V  [jvm.dll+0x3474c3]
V  [jvm.dll+0x347bc6]
V  [jvm.dll+0x3475c3]
V  [jvm.dll+0x2d4f68]
V  [jvm.dll+0x2d6107]
V  [jvm.dll+0x6eabf7]
V  [jvm.dll+0x6ec38c]
V  [jvm.dll+0x354c29]
V  [jvm.dll+0x6d28ae]
V  [jvm.dll+0x3bd363]
V  [jvm.dll+0x3bf7a1]
C  [java.exe+0x3763]
C  [java.exe+0x17a0c]
C  [KERNEL32.DLL+0x17bd4]
C  [ntdll.dll+0x6ced1]


---------------  P R O C E S S  ---------------

Threads class SMR info:
_java_thread_list=0x000001efd75e6c50, length=0, elements={
}

Java Threads: ( => current thread )

Other Threads:
  0x000001efd9815000 GCTaskThread "GC Thread#0" [stack: 0x0000003f1c900000,0x0000003f1ca00000] [id=362044]
  0x000001efd9844000 ConcurrentGCThread "G1 Main Marker" [stack: 0x0000003f1ca00000,0x0000003f1cb00000] [id=361996]
  0x000001efd9845800 ConcurrentGCThread "G1 Conc#0" [stack: 0x0000003f1cb00000,0x0000003f1cc00000] [id=362104]

[error occurred during error reporting (printing all threads), id 0xc0000005, EXCEPTION_ACCESS_VIOLATION (0xc0000005) at pc=0x00007ff915a05507]

VM state:not at safepoint (not fully initialized)

VM Mutex/Monitor currently owned by a thread:  ([mutex/lock_event])
[0x000001efd97f92d0] Heap_lock - owner thread: 0x000001efd97fc800

Heap address: 0x0000000085e00000, size: 1954 MB, Compressed Oops mode: Non-zero based: 0x0000000085e00000
Narrow klass base: 0x0000000000000000, Narrow klass shift: 0

GC Heap History (0 events):
No events

Deoptimization events (0 events):
No events

Classes redefined (0 events):
No events

Internal exceptions (0 events):
No events

Events (0 events):
No events


Dynamic libraries:
0x00007ff7ef750000 - 0x00007ff7ef797000 	D:\Program Files\JetBrains\IntelliJ IDEA 2019.2.2\jbr\bin\java.exe
0x00007ff968100000 - 0x00007ff9682f0000 	C:\WINDOWS\SYSTEM32\ntdll.dll
0x00007ff966fb0000 - 0x00007ff967062000 	C:\WINDOWS\System32\KERNEL32.DLL
0x00007ff965c60000 - 0x00007ff965f03000 	C:\WINDOWS\System32\KERNELBASE.dll
0x00007ff966420000 - 0x00007ff9665b4000 	C:\WINDOWS\System32\USER32.dll
0x00007ff965270000 - 0x00007ff965291000 	C:\WINDOWS\System32\win32u.dll
0x00007ff9665c0000 - 0x00007ff9665e6000 	C:\WINDOWS\System32\GDI32.dll
0x00007ff965fe0000 - 0x00007ff966174000 	C:\WINDOWS\System32\gdi32full.dll
0x00007ff965080000 - 0x00007ff96511e000 	C:\WINDOWS\System32\msvcp_win.dll
0x00007ff965a50000 - 0x00007ff965b4a000 	C:\WINDOWS\System32\ucrtbase.dll
0x00007ff94fd40000 - 0x00007ff94ffc5000 	C:\WINDOWS\WinSxS\amd64_microsoft.windows.common-controls_6595b64144ccf1df_6.0.18362.476_none_e6c4b11b130f2595\COMCTL32.dll
0x00007ff966c30000 - 0x00007ff966cce000 	C:\WINDOWS\System32\msvcrt.dll
0x00007ff966890000 - 0x00007ff966bc6000 	C:\WINDOWS\System32\combase.dll
0x00007ff967400000 - 0x00007ff967520000 	C:\WINDOWS\System32\RPCRT4.dll
0x00007ff965f60000 - 0x00007ff965fe0000 	C:\WINDOWS\System32\bcryptPrimitives.dll
0x00007ff9673d0000 - 0x00007ff9673fe000 	C:\WINDOWS\System32\IMM32.DLL
0x00007ff946e10000 - 0x00007ff946e27000 	D:\Program Files\JetBrains\IntelliJ IDEA 2019.2.2\jbr\bin\vcruntime140.dll
0x00007ff923600000 - 0x00007ff92369d000 	D:\Program Files\JetBrains\IntelliJ IDEA 2019.2.2\jbr\bin\msvcp140.dll
0x00007ff915720000 - 0x00007ff9161d7000 	D:\Program Files\JetBrains\IntelliJ IDEA 2019.2.2\jbr\bin\server\jvm.dll
0x00007ff966230000 - 0x00007ff9662d3000 	C:\WINDOWS\System32\ADVAPI32.dll
0x00007ff9672c0000 - 0x00007ff967357000 	C:\WINDOWS\System32\sechost.dll
0x00007ff9665f0000 - 0x00007ff9665f8000 	C:\WINDOWS\System32\PSAPI.DLL
0x00007ff943940000 - 0x00007ff943949000 	C:\WINDOWS\SYSTEM32\WSOCK32.dll
0x00007ff966820000 - 0x00007ff96688f000 	C:\WINDOWS\System32\WS2_32.dll
0x00007ff959f80000 - 0x00007ff959fa4000 	C:\WINDOWS\SYSTEM32\WINMM.dll
0x00007ff959f50000 - 0x00007ff959f7d000 	C:\WINDOWS\SYSTEM32\winmmbase.dll
0x00007ff965f10000 - 0x00007ff965f5a000 	C:\WINDOWS\System32\cfgmgr32.dll
0x00007ff9547b0000 - 0x00007ff9547ba000 	C:\WINDOWS\SYSTEM32\VERSION.dll
0x00007ff965000000 - 0x00007ff965011000 	C:\WINDOWS\System32\kernel.appcore.dll
0x00007ff947d00000 - 0x00007ff947d11000 	D:\Program Files\JetBrains\IntelliJ IDEA 2019.2.2\jbr\bin\verify.dll
0x00007ff9638e0000 - 0x00007ff963ad4000 	C:\WINDOWS\SYSTEM32\DBGHELP.DLL
0x00007ff948990000 - 0x00007ff9489ba000 	C:\WINDOWS\SYSTEM32\dbgcore.DLL
0x00007ff947770000 - 0x00007ff947799000 	D:\Program Files\JetBrains\IntelliJ IDEA 2019.2.2\jbr\bin\java.dll
0x00007ff95a9b0000 - 0x00007ff95a9e4000 	D:\Program Files\JetBrains\IntelliJ IDEA 2019.2.2\jbr\bin\instrument.dll
0x00007ff9431a0000 - 0x00007ff9431b7000 	D:\Program Files\JetBrains\IntelliJ IDEA 2019.2.2\jbr\bin\zip.dll
0x00007ff947b20000 - 0x00007ff947b2b000 	D:\Program Files\JetBrains\IntelliJ IDEA 2019.2.2\jbr\bin\jimage.dll

dbghelp: loaded successfully - version: 4.0.5 - missing functions: none
symbol engine: initialized successfully - sym options: 0x614 - pdb path: .;D:\Program Files\JetBrains\IntelliJ IDEA 2019.2.2\jbr\bin;C:\WINDOWS\SYSTEM32;C:\WINDOWS\WinSxS\amd64_microsoft.windows.common-controls_6595b64144ccf1df_6.0.18362.476_none_e6c4b11b130f2595;D:\Program Files\JetBrains\IntelliJ IDEA 2019.2.2\jbr\bin\server

VM Arguments:
jvm_args: -Dmaven.multiModuleProjectDirectory=E:\Source\gitlab38\gwm-eitt-platform -Dmaven.home=D:\apache-maven-3.6.1 -Dclassworlds.conf=D:\apache-maven-3.6.1\bin\m2.conf -Dmaven.ext.class.path=D:\Program Files\JetBrains\IntelliJ IDEA 2019.2.2\plugins\maven\lib\maven-event-listener.jar -javaagent:D:\Program Files\JetBrains\IntelliJ IDEA 2019.2.2\lib\idea_rt.jar=60387:D:\Program Files\JetBrains\IntelliJ IDEA 2019.2.2\bin -Dfile.encoding=UTF-8 
java_command: org.codehaus.classworlds.Launcher -Didea.version2019.2.2 -s D:\apache-maven-3.6.1\conf\settings.xml -Dmaven.repo.local=E:\Maven\Repository compile
java_class_path (initial): D:\apache-maven-3.6.1\boot\plexus-classworlds-2.6.0.jar
Launcher Type: SUN_STANDARD

[Global flags]
     intx CICompilerCount                          = 4                                         {product} {ergonomic}
     uint ConcGCThreads                            = 2                                         {product} {ergonomic}
     uint G1ConcRefinementThreads                  = 8                                         {product} {ergonomic}
   size_t G1HeapRegionSize                         = 1048576                                   {product} {ergonomic}
    uintx GCDrainStackTargetSize                   = 64                                        {product} {ergonomic}
   size_t InitialHeapSize                          = 130023424                                 {product} {ergonomic}
   size_t MarkStackSize                            = 4194304                                   {product} {ergonomic}
   size_t MaxHeapSize                              = 2048917504                                {product} {ergonomic}
   size_t MinHeapDeltaBytes                        = 1048576                                   {product} {ergonomic}
    uintx NonNMethodCodeHeapSize                   = 5835340                                {pd product} {ergonomic}
    uintx NonProfiledCodeHeapSize                  = 122911450                              {pd product} {ergonomic}
    uintx ProfiledCodeHeapSize                     = 122911450                              {pd product} {ergonomic}
    uintx ReservedCodeCacheSize                    = 251658240                              {pd product} {ergonomic}
     bool SegmentedCodeCache                       = true                                      {product} {ergonomic}
     bool UseCompressedClassPointers               = true                                 {lp64_product} {ergonomic}
     bool UseCompressedOops                        = true                                 {lp64_product} {ergonomic}
     bool UseG1GC                                  = true                                      {product} {ergonomic}
     bool UseLargePagesIndividualAllocation        = false                                  {pd product} {ergonomic}

Logging:
Log output configuration:
 #0: stdout all=warning uptime,level,tags
 #1: stderr all=off uptime,level,tags

Environment Variables:
JAVA_HOME=D:\Program Files\Java\jdk1.8.0_162
PATH=C:\Python27\;C:\Python27\Scripts;D:\Program Files (x86)\NetSarang\Xftp 6\;D:\Program Files (x86)\NetSarang\Xshell 6\;D:\apache-maven-3.6.1\bin;D:\Program Files\Java\jdk1.8.0_162\bin;D:\Program Files\Java\jdk1.8.0_162\jre\bin;C:\ProgramData\Oracle\Java\javapath;C:\WINDOWS\system32;C:\WINDOWS;C:\WINDOWS\System32\Wbem;C:\WINDOWS\System32\WindowsPowerShell\v1.0\;C:\WINDOWS\System32\OpenSSH\;C:\Windows\CCM;D:\Program Files\Git\cmd;C:\ProgramData\chocolatey\bin;D:\Program Files\nodejs\;D:\Program Files\TortoiseSVN\bin;D:\Program Files\TortoiseGit\bin;C:\Program Files\dotnet\;C:\Program Files\Microsoft SQL Server\130\Tools\Binn\;C:\Program Files\Microsoft SQL Server\Client SDK\ODBC\170\Tools\Binn\;C:\Users\GW00174485\AppData\Local\Microsoft\WindowsApps;;c:\program files\esafenet\cobra docguard client;D:\Users\GW00174485\AppData\Local\Programs\Microsoft VS Code\bin;C:\Users\GW00174485\AppData\Roaming\npm
USERNAME=GW00174485
OS=Windows_NT
PROCESSOR_IDENTIFIER=Intel64 Family 6 Model 142 Stepping 12, GenuineIntel



---------------  S Y S T E M  ---------------

OS: Windows 10 , 64 bit Build 18362 (10.0.18362.329)

CPU:total 8 (initial active 8) (4 cores per cpu, 2 threads per core) family 6 model 142 stepping 12, cmov, cx8, fxsr, mmx, sse, sse2, sse3, ssse3, sse4.1, sse4.2, popcnt, avx, avx2, aes, clmul, erms, 3dnowpref, lzcnt, ht, tsc, tscinvbit, bmi1, bmi2, adx, fma

Memory: 4k page, system-wide physical 7813M (374M free)
TotalPageFile size 22986M (AvailPageFile size 21M)
current process WorkingSet (physical memory assigned to process): 10M, peak: 10M
current process commit charge ("private bytes"): 60M, peak: 183M

vm_info: OpenJDK 64-Bit Server VM (11.0.3+12-b304.56) for windows-amd64 JRE (11.0.3+12-b304.56), built on Sep  3 2019 10:54:25 by "" with MS VC++ 14.0 (VS2015)

END.
