#
# There is insufficient memory for the Java Runtime Environment to continue.
# Native memory allocation (malloc) failed to allocate 1700176 bytes for Chunk::new
# Possible reasons:
#   The system is out of physical RAM or swap space
#   The process is running with CompressedOops enabled, and the Java Heap may be blocking the growth of the native heap
# Possible solutions:
#   Reduce memory load on the system
#   Increase physical memory or swap space
#   Check if swap backing store is full
#   Decrease Java heap size (-Xmx/-Xms)
#   Decrease number of Java threads
#   Decrease Java thread stack sizes (-Xss)
#   Set larger code cache with -XX:ReservedCodeCacheSize=
#   JVM is running with Unscaled Compressed Oops mode in which the Java heap is
#     placed in the first 4GB address space. The Java Heap base address is the
#     maximum limit for the native heap growth. Please use -XX:HeapBaseMinAddress
#     to set the Java Heap base and to place the Java Heap above 4GB virtual address.
# This output file may be truncated or incomplete.
#
#  Out of Memory Error (c:/BuildAgent/work/5ff2f6c26000d570/src/hotspot/share/memory/arena.cpp:197), pid=338788, tid=358540
#
# JRE version: OpenJDK Runtime Environment (11.0.3+12) (build 11.0.3+12-b304.56)
# Java VM: OpenJDK 64-Bit Server VM (11.0.3+12-b304.56, mixed mode, sharing, tiered, compressed oops, g1 gc, windows-amd64)
# No core dump will be written. Minidumps are not enabled by default on client versions of Windows
#

---------------  S U M M A R Y ------------

Command Line: -Dmaven.multiModuleProjectDirectory=E:\Source\gitlab38\gwm-eitt-platform -Dmaven.home=D:\apache-maven-3.6.1 -Dclassworlds.conf=D:\apache-maven-3.6.1\bin\m2.conf -Dmaven.ext.class.path=D:\Program Files\JetBrains\IntelliJ IDEA 2019.2.2\plugins\maven\lib\maven-event-listener.jar -javaagent:D:\Program Files\JetBrains\IntelliJ IDEA 2019.2.2\lib\idea_rt.jar=60319:D:\Program Files\JetBrains\IntelliJ IDEA 2019.2.2\bin -Dfile.encoding=UTF-8 org.codehaus.classworlds.Launcher -Didea.version2019.2.2 -s D:\apache-maven-3.6.1\conf\settings.xml -Dmaven.repo.local=E:\Maven\Repository compile

Host: Intel(R) Core(TM) i5-8265U CPU @ 1.60GHz, 8 cores, 7G,  Windows 10 , 64 bit Build 18362 (10.0.18362.329)
Time: Tue Dec  3 16:09:10 2019 ?D1¨²¡À¨º¡Á?¨º¡À?? elapsed time: 37 seconds (0d 0h 0m 37s)

---------------  T H R E A D  ---------------

Current thread (0x0000011099aba800):  JavaThread "C2 CompilerThread0" daemon [_thread_in_native, id=358540, stack(0x000000064e500000,0x000000064e600000)]


Current CompileTask:
C2:  37772 7250       4       com.sun.tools.javac.comp.Check::checkType (168 bytes)

Stack: [0x000000064e500000,0x000000064e600000]
Native frames: (J=compiled Java code, j=interpreted, Vv=VM code, C=native code)
V  [jvm.dll+0x5da77a]
V  [jvm.dll+0x70b9c9]
V  [jvm.dll+0x70cee8]
V  [jvm.dll+0x70d5b3]
V  [jvm.dll+0x23ddc8]
V  [jvm.dll+0xb931c]
V  [jvm.dll+0xb981c]
V  [jvm.dll+0x34f07d]
V  [jvm.dll+0x31d193]
V  [jvm.dll+0x31c72a]
V  [jvm.dll+0x1f7952]
V  [jvm.dll+0x1f6b24]
V  [jvm.dll+0x17fadb]
V  [jvm.dll+0x204e17]
V  [jvm.dll+0x2036b2]
V  [jvm.dll+0x6d885f]
V  [jvm.dll+0x6d165d]
V  [jvm.dll+0x5d9a56]
C  [ucrtbase.dll+0x20e72]
C  [KERNEL32.DLL+0x17bd4]
C  [ntdll.dll+0x6ced1]


---------------  P R O C E S S  ---------------

Threads class SMR info:
_java_thread_list=0x000001109b862300, length=11, elements={
0x00000110ff59d800, 0x0000011099a99800, 0x0000011099a9c000, 0x0000011099ab8800,
0x0000011099ab9800, 0x0000011099aba800, 0x0000011099abe000, 0x0000011099ac3000,
0x0000011099a7e000, 0x000001109a47c800, 0x000001109a47f800
}

Java Threads: ( => current thread )
  0x00000110ff59d800 JavaThread "main" [_thread_in_native, id=346752, stack(0x000000064da00000,0x000000064db00000)]
  0x0000011099a99800 JavaThread "Reference Handler" daemon [_thread_blocked, id=354992, stack(0x000000064e100000,0x000000064e200000)]
  0x0000011099a9c000 JavaThread "Finalizer" daemon [_thread_blocked, id=358560, stack(0x000000064e200000,0x000000064e300000)]
  0x0000011099ab8800 JavaThread "Signal Dispatcher" daemon [_thread_blocked, id=360512, stack(0x000000064e300000,0x000000064e400000)]
  0x0000011099ab9800 JavaThread "Attach Listener" daemon [_thread_blocked, id=359552, stack(0x000000064e400000,0x000000064e500000)]
=>0x0000011099aba800 JavaThread "C2 CompilerThread0" daemon [_thread_in_native, id=358540, stack(0x000000064e500000,0x000000064e600000)]
  0x0000011099abe000 JavaThread "C1 CompilerThread0" daemon [_thread_blocked, id=357668, stack(0x000000064e600000,0x000000064e700000)]
  0x0000011099ac3000 JavaThread "Sweeper thread" daemon [_thread_blocked, id=352040, stack(0x000000064e700000,0x000000064e800000)]
  0x0000011099a7e000 JavaThread "Common-Cleaner" daemon [_thread_blocked, id=359444, stack(0x000000064e800000,0x000000064e900000)]
  0x000001109a47c800 JavaThread "Monitor Ctrl-Break" daemon [_thread_in_native, id=358644, stack(0x000000064e900000,0x000000064ea00000)]
  0x000001109a47f800 JavaThread "Service Thread" daemon [_thread_blocked, id=357852, stack(0x000000064ea00000,0x000000064eb00000)]

Other Threads:
  0x0000011099a98800 VMThread "VM Thread" [stack: 0x000000064e000000,0x000000064e100000] [id=349540]
  0x000001109a484000 WatcherThread [stack: 0x000000064eb00000,0x000000064ec00000] [id=361152]
  0x00000110ff5b5000 GCTaskThread "GC Thread#0" [stack: 0x000000064db00000,0x000000064dc00000] [id=362380]
  0x000001109b6d3800 GCTaskThread "GC Thread#1" [stack: 0x000000064ed00000,0x000000064ee00000] [id=359976]
  0x000001109acca800 GCTaskThread "GC Thread#2" [stack: 0x000000064f300000,0x000000064f400000] [id=346560]
  0x00000110ff5e5000 ConcurrentGCThread "G1 Main Marker" [stack: 0x000000064dc00000,0x000000064dd00000] [id=360220]
  0x00000110ff5e6800 ConcurrentGCThread "G1 Conc#0" [stack: 0x000000064dd00000,0x000000064de00000] [id=351332]
  0x000001109a3e3800 ConcurrentGCThread "G1 Conc#1" [stack: 0x000000064ec00000,0x000000064ed00000] [id=362116]
  0x0000011099920800 ConcurrentGCThread "G1 Refine#0" [stack: 0x000000064de00000,0x000000064df00000] [id=361876]
  0x000001109a903800 ConcurrentGCThread "G1 Refine#1" [stack: 0x000000064ee00000,0x000000064ef00000] [id=335060]
  0x000001109ad5e800 ConcurrentGCThread "G1 Refine#2" [stack: 0x000000064ef00000,0x000000064f000000] [id=359616]
  0x000001109ca8c800 ConcurrentGCThread "G1 Refine#3" [stack: 0x000000064f000000,0x000000064f100000] [id=361980]
  0x0000011099921800 ConcurrentGCThread "G1 Young RemSet Sampling" [stack: 0x000000064df00000,0x000000064e000000] [id=309928]

Threads with active compile tasks:
C2 CompilerThread07250       4       com.sun.tools.javac.comp.Check::checkType (168 bytes)

VM state:not at safepoint (normal execution)

VM Mutex/Monitor currently owned by a thread: None

Heap address: 0x0000000085e00000, size: 1954 MB, Compressed Oops mode: 32-bit
Narrow klass base: 0x0000000800000000, Narrow klass shift: 3
Compressed class space size: 1073741824 Address: 0x0000000840000000

Heap:
 garbage-first heap   total 152576K, used 86569K [0x0000000085e00000, 0x0000000100000000)
  region size 1024K, 24 young (24576K), 2 survivors (2048K)
 Metaspace       used 28860K, capacity 29663K, committed 29824K, reserved 1075200K
  class space    used 3062K, capacity 3364K, committed 3456K, reserved 1048576K
Heap Regions: E=young(eden), S=young(survivor), O=old, HS=humongous(starts), HC=humongous(continues), CS=collection set, F=free, A=archive, TAMS=top-at-mark-start (previous, next)
|   0|0x0000000085e00000, 0x0000000085f00000, 0x0000000085f00000|100%| O|  |TAMS 0x0000000085f00000, 0x0000000085e00000| Untracked 
|   1|0x0000000085f00000, 0x0000000086000000, 0x0000000086000000|100%| O|  |TAMS 0x0000000086000000, 0x0000000085f00000| Untracked 
|   2|0x0000000086000000, 0x0000000086100000, 0x0000000086100000|100%| O|  |TAMS 0x0000000086100000, 0x0000000086000000| Untracked 
|   3|0x0000000086100000, 0x0000000086200000, 0x0000000086200000|100%| O|  |TAMS 0x0000000086200000, 0x0000000086100000| Untracked 
|   4|0x0000000086200000, 0x0000000086300000, 0x0000000086300000|100%| O|  |TAMS 0x0000000086300000, 0x0000000086200000| Untracked 
|   5|0x0000000086300000, 0x0000000086400000, 0x0000000086400000|100%| O|  |TAMS 0x0000000086400000, 0x0000000086300000| Untracked 
|   6|0x0000000086400000, 0x0000000086500000, 0x0000000086500000|100%| O|  |TAMS 0x0000000086500000, 0x0000000086400000| Untracked 
|   7|0x0000000086500000, 0x0000000086600000, 0x0000000086600000|100%| O|  |TAMS 0x0000000086600000, 0x0000000086500000| Untracked 
|   8|0x0000000086600000, 0x0000000086700000, 0x0000000086700000|100%| O|  |TAMS 0x0000000086700000, 0x0000000086600000| Untracked 
|   9|0x0000000086700000, 0x0000000086800000, 0x0000000086800000|100%| O|  |TAMS 0x0000000086800000, 0x0000000086700000| Untracked 
|  10|0x0000000086800000, 0x0000000086900000, 0x0000000086900000|100%| O|  |TAMS 0x0000000086900000, 0x0000000086800000| Untracked 
|  11|0x0000000086900000, 0x0000000086a00000, 0x0000000086a00000|100%| O|  |TAMS 0x0000000086a00000, 0x0000000086900000| Untracked 
|  12|0x0000000086a00000, 0x0000000086b00000, 0x0000000086b00000|100%| O|  |TAMS 0x0000000086b00000, 0x0000000086a00000| Untracked 
|  13|0x0000000086b00000, 0x0000000086c00000, 0x0000000086c00000|100%| O|  |TAMS 0x0000000086c00000, 0x0000000086b00000| Untracked 
|  14|0x0000000086c00000, 0x0000000086d00000, 0x0000000086d00000|100%| O|  |TAMS 0x0000000086d00000, 0x0000000086c00000| Untracked 
|  15|0x0000000086d00000, 0x0000000086e00000, 0x0000000086e00000|100%| O|  |TAMS 0x0000000086e00000, 0x0000000086d00000| Untracked 
|  16|0x0000000086e00000, 0x0000000086f00000, 0x0000000086f00000|100%| O|  |TAMS 0x0000000086f00000, 0x0000000086e00000| Untracked 
|  17|0x0000000086f00000, 0x0000000087000000, 0x0000000087000000|100%| O|  |TAMS 0x0000000087000000, 0x0000000086f00000| Untracked 
|  18|0x0000000087000000, 0x0000000087100000, 0x0000000087100000|100%| O|  |TAMS 0x0000000087000000, 0x0000000087000000| Untracked 
|  19|0x0000000087100000, 0x0000000087200000, 0x0000000087200000|100%| O|  |TAMS 0x0000000087200000, 0x0000000087100000| Untracked 
|  20|0x0000000087200000, 0x0000000087300000, 0x0000000087300000|100%| O|  |TAMS 0x0000000087300000, 0x0000000087200000| Untracked 
|  21|0x0000000087300000, 0x0000000087400000, 0x0000000087400000|100%| O|  |TAMS 0x0000000087400000, 0x0000000087300000| Untracked 
|  22|0x0000000087400000, 0x0000000087500000, 0x0000000087500000|100%| O|  |TAMS 0x0000000087500000, 0x0000000087400000| Untracked 
|  23|0x0000000087500000, 0x0000000087600000, 0x0000000087600000|100%| O|  |TAMS 0x0000000087600000, 0x0000000087500000| Untracked 
|  24|0x0000000087600000, 0x0000000087700000, 0x0000000087700000|100%| O|  |TAMS 0x0000000087700000, 0x0000000087600000| Untracked 
|  25|0x0000000087700000, 0x0000000087800000, 0x0000000087800000|100%| O|  |TAMS 0x0000000087800000, 0x0000000087700000| Untracked 
|  26|0x0000000087800000, 0x0000000087900000, 0x0000000087900000|100%| O|  |TAMS 0x0000000087900000, 0x0000000087800000| Untracked 
|  27|0x0000000087900000, 0x0000000087a00000, 0x0000000087a00000|100%| O|  |TAMS 0x0000000087a00000, 0x0000000087900000| Untracked 
|  28|0x0000000087a00000, 0x0000000087b00000, 0x0000000087b00000|100%| O|  |TAMS 0x0000000087b00000, 0x0000000087a00000| Untracked 
|  29|0x0000000087b00000, 0x0000000087c00000, 0x0000000087c00000|100%| O|  |TAMS 0x0000000087c00000, 0x0000000087b00000| Untracked 
|  30|0x0000000087c00000, 0x0000000087d00000, 0x0000000087d00000|100%| O|  |TAMS 0x0000000087d00000, 0x0000000087c00000| Untracked 
|  31|0x0000000087d00000, 0x0000000087e00000, 0x0000000087e00000|100%| O|  |TAMS 0x0000000087e00000, 0x0000000087d00000| Untracked 
|  32|0x0000000087e00000, 0x0000000087f00000, 0x0000000087f00000|100%| O|  |TAMS 0x0000000087f00000, 0x0000000087e00000| Untracked 
|  33|0x0000000087f00000, 0x0000000088000000, 0x0000000088000000|100%| O|  |TAMS 0x0000000088000000, 0x0000000087f00000| Untracked 
|  34|0x0000000088000000, 0x0000000088100000, 0x0000000088100000|100%| O|  |TAMS 0x0000000088100000, 0x0000000088000000| Untracked 
|  35|0x0000000088100000, 0x0000000088200000, 0x0000000088200000|100%| O|  |TAMS 0x0000000088200000, 0x0000000088100000| Untracked 
|  36|0x0000000088200000, 0x0000000088300000, 0x0000000088300000|100%| O|  |TAMS 0x0000000088300000, 0x0000000088200000| Untracked 
|  37|0x0000000088300000, 0x0000000088400000, 0x0000000088400000|100%| O|  |TAMS 0x0000000088400000, 0x0000000088300000| Untracked 
|  38|0x0000000088400000, 0x0000000088500000, 0x0000000088500000|100%| O|  |TAMS 0x0000000088500000, 0x0000000088400000| Untracked 
|  39|0x0000000088500000, 0x0000000088600000, 0x0000000088600000|100%| O|  |TAMS 0x0000000088600000, 0x0000000088500000| Untracked 
|  40|0x0000000088600000, 0x0000000088700000, 0x0000000088700000|100%| O|  |TAMS 0x0000000088700000, 0x0000000088600000| Untracked 
|  41|0x0000000088700000, 0x0000000088800000, 0x0000000088800000|100%| O|  |TAMS 0x0000000088800000, 0x0000000088700000| Untracked 
|  42|0x0000000088800000, 0x0000000088900000, 0x0000000088900000|100%| O|  |TAMS 0x0000000088900000, 0x0000000088800000| Untracked 
|  43|0x0000000088900000, 0x0000000088a00000, 0x0000000088a00000|100%| O|  |TAMS 0x0000000088a00000, 0x0000000088900000| Untracked 
|  44|0x0000000088a00000, 0x0000000088b00000, 0x0000000088b00000|100%| O|  |TAMS 0x0000000088b00000, 0x0000000088a00000| Untracked 
|  45|0x0000000088b00000, 0x0000000088c00000, 0x0000000088c00000|100%| O|  |TAMS 0x0000000088c00000, 0x0000000088b00000| Untracked 
|  46|0x0000000088c00000, 0x0000000088d00000, 0x0000000088d00000|100%| O|  |TAMS 0x0000000088d00000, 0x0000000088c00000| Untracked 
|  47|0x0000000088d00000, 0x0000000088e00000, 0x0000000088e00000|100%| O|  |TAMS 0x0000000088e00000, 0x0000000088d00000| Untracked 
|  48|0x0000000088e00000, 0x0000000088f00000, 0x0000000088f00000|100%| O|  |TAMS 0x0000000088f00000, 0x0000000088e00000| Untracked 
|  49|0x0000000088f00000, 0x0000000089000000, 0x0000000089000000|100%| O|  |TAMS 0x0000000089000000, 0x0000000088f00000| Untracked 
|  50|0x0000000089000000, 0x0000000089100000, 0x0000000089100000|100%| O|  |TAMS 0x0000000089000000, 0x0000000089000000| Untracked 
|  51|0x0000000089100000, 0x0000000089200000, 0x0000000089200000|100%| O|  |TAMS 0x0000000089100000, 0x0000000089100000| Untracked 
|  52|0x0000000089200000, 0x0000000089300000, 0x0000000089300000|100%| O|  |TAMS 0x0000000089200000, 0x0000000089200000| Untracked 
|  53|0x0000000089300000, 0x0000000089400000, 0x0000000089400000|100%| O|  |TAMS 0x0000000089300000, 0x0000000089300000| Untracked 
|  54|0x0000000089400000, 0x0000000089500000, 0x0000000089500000|100%| O|  |TAMS 0x0000000089400000, 0x0000000089400000| Untracked 
|  55|0x0000000089500000, 0x0000000089600000, 0x0000000089600000|100%| O|  |TAMS 0x0000000089500000, 0x0000000089500000| Untracked 
|  56|0x0000000089600000, 0x0000000089700000, 0x0000000089700000|100%| O|  |TAMS 0x0000000089600000, 0x0000000089600000| Untracked 
|  57|0x0000000089700000, 0x0000000089800000, 0x0000000089800000|100%| O|  |TAMS 0x0000000089700000, 0x0000000089700000| Untracked 
|  58|0x0000000089800000, 0x0000000089900000, 0x0000000089900000|100%| O|  |TAMS 0x0000000089800000, 0x0000000089800000| Untracked 
|  59|0x0000000089900000, 0x0000000089a00000, 0x0000000089a00000|100%| O|  |TAMS 0x0000000089900000, 0x0000000089900000| Untracked 
|  60|0x0000000089a00000, 0x0000000089b00000, 0x0000000089b00000|100%| O|  |TAMS 0x0000000089a00000, 0x0000000089a00000| Untracked 
|  61|0x0000000089b00000, 0x0000000089b8a400, 0x0000000089c00000| 54%| O|  |TAMS 0x0000000089b00000, 0x0000000089b00000| Untracked 
|  62|0x0000000089c00000, 0x0000000089c00000, 0x0000000089d00000|  0%| F|  |TAMS 0x0000000089c00000, 0x0000000089c00000| Untracked 
|  63|0x0000000089d00000, 0x0000000089d00000, 0x0000000089e00000|  0%| F|  |TAMS 0x0000000089d00000, 0x0000000089d00000| Untracked 
|  64|0x0000000089e00000, 0x0000000089e00000, 0x0000000089f00000|  0%| F|  |TAMS 0x0000000089e00000, 0x0000000089e00000| Untracked 
|  65|0x0000000089f00000, 0x0000000089f00000, 0x000000008a000000|  0%| F|  |TAMS 0x0000000089f00000, 0x0000000089f00000| Untracked 
|  66|0x000000008a000000, 0x000000008a000000, 0x000000008a100000|  0%| F|  |TAMS 0x000000008a000000, 0x000000008a000000| Untracked 
|  67|0x000000008a100000, 0x000000008a100000, 0x000000008a200000|  0%| F|  |TAMS 0x000000008a100000, 0x000000008a100000| Untracked 
|  68|0x000000008a200000, 0x000000008a200000, 0x000000008a300000|  0%| F|  |TAMS 0x000000008a200000, 0x000000008a200000| Untracked 
|  69|0x000000008a300000, 0x000000008a300000, 0x000000008a400000|  0%| F|  |TAMS 0x000000008a300000, 0x000000008a300000| Untracked 
|  70|0x000000008a400000, 0x000000008a400000, 0x000000008a500000|  0%| F|  |TAMS 0x000000008a400000, 0x000000008a400000| Untracked 
|  71|0x000000008a500000, 0x000000008a500000, 0x000000008a600000|  0%| F|  |TAMS 0x000000008a500000, 0x000000008a500000| Untracked 
|  72|0x000000008a600000, 0x000000008a600000, 0x000000008a700000|  0%| F|  |TAMS 0x000000008a600000, 0x000000008a600000| Untracked 
|  73|0x000000008a700000, 0x000000008a700000, 0x000000008a800000|  0%| F|  |TAMS 0x000000008a700000, 0x000000008a700000| Untracked 
|  74|0x000000008a800000, 0x000000008a800000, 0x000000008a900000|  0%| F|  |TAMS 0x000000008a800000, 0x000000008a800000| Untracked 
|  75|0x000000008a900000, 0x000000008a900000, 0x000000008aa00000|  0%| F|  |TAMS 0x000000008a900000, 0x000000008a900000| Untracked 
|  76|0x000000008aa00000, 0x000000008aa00000, 0x000000008ab00000|  0%| F|  |TAMS 0x000000008aa00000, 0x000000008aa00000| Untracked 
|  77|0x000000008ab00000, 0x000000008ab00000, 0x000000008ac00000|  0%| F|  |TAMS 0x000000008ab00000, 0x000000008ab00000| Untracked 
|  78|0x000000008ac00000, 0x000000008ac00000, 0x000000008ad00000|  0%| F|  |TAMS 0x000000008ac00000, 0x000000008ac00000| Untracked 
|  79|0x000000008ad00000, 0x000000008ad00000, 0x000000008ae00000|  0%| F|  |TAMS 0x000000008ad00000, 0x000000008ad00000| Untracked 
|  80|0x000000008ae00000, 0x000000008ae00000, 0x000000008af00000|  0%| F|  |TAMS 0x000000008ae00000, 0x000000008ae00000| Untracked 
|  81|0x000000008af00000, 0x000000008af00000, 0x000000008b000000|  0%| F|  |TAMS 0x000000008af00000, 0x000000008af00000| Untracked 
|  82|0x000000008b000000, 0x000000008b000000, 0x000000008b100000|  0%| F|  |TAMS 0x000000008b000000, 0x000000008b000000| Untracked 
|  83|0x000000008b100000, 0x000000008b100000, 0x000000008b200000|  0%| F|  |TAMS 0x000000008b100000, 0x000000008b100000| Untracked 
|  84|0x000000008b200000, 0x000000008b200000, 0x000000008b300000|  0%| F|  |TAMS 0x000000008b200000, 0x000000008b200000| Untracked 
|  85|0x000000008b300000, 0x000000008b300000, 0x000000008b400000|  0%| F|  |TAMS 0x000000008b300000, 0x000000008b300000| Untracked 
|  86|0x000000008b400000, 0x000000008b400000, 0x000000008b500000|  0%| F|  |TAMS 0x000000008b400000, 0x000000008b400000| Untracked 
|  87|0x000000008b500000, 0x000000008b500000, 0x000000008b600000|  0%| F|  |TAMS 0x000000008b500000, 0x000000008b500000| Untracked 
|  88|0x000000008b600000, 0x000000008b700000, 0x000000008b700000|100%| S|CS|TAMS 0x000000008b600000, 0x000000008b600000| Complete 
|  89|0x000000008b700000, 0x000000008b800000, 0x000000008b800000|100%| S|CS|TAMS 0x000000008b700000, 0x000000008b700000| Complete 
|  90|0x000000008b800000, 0x000000008b800000, 0x000000008b900000|  0%| F|  |TAMS 0x000000008b800000, 0x000000008b800000| Untracked 
|  91|0x000000008b900000, 0x000000008b900000, 0x000000008ba00000|  0%| F|  |TAMS 0x000000008b900000, 0x000000008b900000| Untracked 
|  92|0x000000008ba00000, 0x000000008ba00000, 0x000000008bb00000|  0%| F|  |TAMS 0x000000008ba00000, 0x000000008ba00000| Untracked 
|  93|0x000000008bb00000, 0x000000008bb00000, 0x000000008bc00000|  0%| F|  |TAMS 0x000000008bb00000, 0x000000008bb00000| Untracked 
|  94|0x000000008bc00000, 0x000000008bc00000, 0x000000008bd00000|  0%| F|  |TAMS 0x000000008bc00000, 0x000000008bc00000| Untracked 
|  95|0x000000008bd00000, 0x000000008bd00000, 0x000000008be00000|  0%| F|  |TAMS 0x000000008bd00000, 0x000000008bd00000| Untracked 
|  96|0x000000008be00000, 0x000000008be00000, 0x000000008bf00000|  0%| F|  |TAMS 0x000000008be00000, 0x000000008be00000| Untracked 
|  97|0x000000008bf00000, 0x000000008bf00000, 0x000000008c000000|  0%| F|  |TAMS 0x000000008bf00000, 0x000000008bf00000| Untracked 
|  98|0x000000008c000000, 0x000000008c000000, 0x000000008c100000|  0%| F|  |TAMS 0x000000008c000000, 0x000000008c000000| Untracked 
|  99|0x000000008c100000, 0x000000008c100000, 0x000000008c200000|  0%| F|  |TAMS 0x000000008c100000, 0x000000008c100000| Untracked 
| 100|0x000000008c200000, 0x000000008c200000, 0x000000008c300000|  0%| F|  |TAMS 0x000000008c200000, 0x000000008c200000| Untracked 
| 101|0x000000008c300000, 0x000000008c300000, 0x000000008c400000|  0%| F|  |TAMS 0x000000008c300000, 0x000000008c300000| Untracked 
| 102|0x000000008c400000, 0x000000008c400000, 0x000000008c500000|  0%| F|  |TAMS 0x000000008c400000, 0x000000008c400000| Untracked 
| 103|0x000000008c500000, 0x000000008c500000, 0x000000008c600000|  0%| F|  |TAMS 0x000000008c500000, 0x000000008c500000| Untracked 
| 104|0x000000008c600000, 0x000000008c600000, 0x000000008c700000|  0%| F|  |TAMS 0x000000008c600000, 0x000000008c600000| Untracked 
| 105|0x000000008c700000, 0x000000008c700000, 0x000000008c800000|  0%| F|  |TAMS 0x000000008c700000, 0x000000008c700000| Untracked 
| 106|0x000000008c800000, 0x000000008c800000, 0x000000008c900000|  0%| F|  |TAMS 0x000000008c800000, 0x000000008c800000| Untracked 
| 107|0x000000008c900000, 0x000000008c900000, 0x000000008ca00000|  0%| F|  |TAMS 0x000000008c900000, 0x000000008c900000| Untracked 
| 108|0x000000008ca00000, 0x000000008ca00000, 0x000000008cb00000|  0%| F|  |TAMS 0x000000008ca00000, 0x000000008ca00000| Untracked 
| 109|0x000000008cb00000, 0x000000008cb00000, 0x000000008cc00000|  0%| F|  |TAMS 0x000000008cb00000, 0x000000008cb00000| Untracked 
| 110|0x000000008cc00000, 0x000000008cc00000, 0x000000008cd00000|  0%| F|  |TAMS 0x000000008cc00000, 0x000000008cc00000| Untracked 
| 111|0x000000008cd00000, 0x000000008cd00000, 0x000000008ce00000|  0%| F|  |TAMS 0x000000008cd00000, 0x000000008cd00000| Untracked 
| 112|0x000000008ce00000, 0x000000008ce00000, 0x000000008cf00000|  0%| F|  |TAMS 0x000000008ce00000, 0x000000008ce00000| Untracked 
| 113|0x000000008cf00000, 0x000000008cf00000, 0x000000008d000000|  0%| F|  |TAMS 0x000000008cf00000, 0x000000008cf00000| Untracked 
| 114|0x000000008d000000, 0x000000008d000000, 0x000000008d100000|  0%| F|  |TAMS 0x000000008d000000, 0x000000008d000000| Untracked 
| 115|0x000000008d100000, 0x000000008d100000, 0x000000008d200000|  0%| F|  |TAMS 0x000000008d100000, 0x000000008d100000| Untracked 
| 116|0x000000008d200000, 0x000000008d200000, 0x000000008d300000|  0%| F|  |TAMS 0x000000008d200000, 0x000000008d200000| Untracked 
| 117|0x000000008d300000, 0x000000008d300000, 0x000000008d400000|  0%| F|  |TAMS 0x000000008d300000, 0x000000008d300000| Untracked 
| 118|0x000000008d400000, 0x000000008d400000, 0x000000008d500000|  0%| F|  |TAMS 0x000000008d400000, 0x000000008d400000| Untracked 
| 119|0x000000008d500000, 0x000000008d500000, 0x000000008d600000|  0%| F|  |TAMS 0x000000008d500000, 0x000000008d500000| Untracked 
| 120|0x000000008d600000, 0x000000008d600000, 0x000000008d700000|  0%| F|  |TAMS 0x000000008d600000, 0x000000008d600000| Untracked 
| 121|0x000000008d700000, 0x000000008d700000, 0x000000008d800000|  0%| F|  |TAMS 0x000000008d700000, 0x000000008d700000| Untracked 
| 122|0x000000008d800000, 0x000000008d800000, 0x000000008d900000|  0%| F|  |TAMS 0x000000008d800000, 0x000000008d800000| Untracked 
| 123|0x000000008d900000, 0x000000008d900000, 0x000000008da00000|  0%| F|  |TAMS 0x000000008d900000, 0x000000008d900000| Untracked 
| 124|0x000000008da00000, 0x000000008da00000, 0x000000008db00000|  0%| F|  |TAMS 0x000000008da00000, 0x000000008da00000| Untracked 
| 125|0x000000008db00000, 0x000000008db00000, 0x000000008dc00000|  0%| F|  |TAMS 0x000000008db00000, 0x000000008db00000| Untracked 
| 126|0x000000008dc00000, 0x000000008dc00000, 0x000000008dd00000|  0%| F|  |TAMS 0x000000008dc00000, 0x000000008dc00000| Untracked 
| 127|0x000000008dd00000, 0x000000008dd80800, 0x000000008de00000| 50%| E|  |TAMS 0x000000008dd00000, 0x000000008dd00000| Complete 
| 128|0x000000008de00000, 0x000000008df00000, 0x000000008df00000|100%| E|CS|TAMS 0x000000008de00000, 0x000000008de00000| Complete 
| 129|0x000000008df00000, 0x000000008e000000, 0x000000008e000000|100%| E|CS|TAMS 0x000000008df00000, 0x000000008df00000| Complete 
| 130|0x000000008e000000, 0x000000008e100000, 0x000000008e100000|100%| E|CS|TAMS 0x000000008e000000, 0x000000008e000000| Complete 
| 131|0x000000008e100000, 0x000000008e200000, 0x000000008e200000|100%| E|CS|TAMS 0x000000008e100000, 0x000000008e100000| Complete 
| 132|0x000000008e200000, 0x000000008e300000, 0x000000008e300000|100%| E|CS|TAMS 0x000000008e200000, 0x000000008e200000| Complete 
| 133|0x000000008e300000, 0x000000008e400000, 0x000000008e400000|100%| E|CS|TAMS 0x000000008e300000, 0x000000008e300000| Complete 
| 134|0x000000008e400000, 0x000000008e500000, 0x000000008e500000|100%| E|CS|TAMS 0x000000008e400000, 0x000000008e400000| Complete 
| 135|0x000000008e500000, 0x000000008e600000, 0x000000008e600000|100%| E|CS|TAMS 0x000000008e500000, 0x000000008e500000| Complete 
| 136|0x000000008e600000, 0x000000008e700000, 0x000000008e700000|100%| E|CS|TAMS 0x000000008e600000, 0x000000008e600000| Complete 
| 137|0x000000008e700000, 0x000000008e800000, 0x000000008e800000|100%| E|CS|TAMS 0x000000008e700000, 0x000000008e700000| Complete 
| 138|0x000000008e800000, 0x000000008e900000, 0x000000008e900000|100%| E|CS|TAMS 0x000000008e800000, 0x000000008e800000| Complete 
| 139|0x000000008e900000, 0x000000008ea00000, 0x000000008ea00000|100%| E|CS|TAMS 0x000000008e900000, 0x000000008e900000| Complete 
| 140|0x000000008ea00000, 0x000000008eb00000, 0x000000008eb00000|100%| E|CS|TAMS 0x000000008ea00000, 0x000000008ea00000| Complete 
| 141|0x000000008eb00000, 0x000000008ec00000, 0x000000008ec00000|100%| E|CS|TAMS 0x000000008eb00000, 0x000000008eb00000| Complete 
| 142|0x000000008ec00000, 0x000000008ed00000, 0x000000008ed00000|100%| E|CS|TAMS 0x000000008ec00000, 0x000000008ec00000| Complete 
| 143|0x000000008ed00000, 0x000000008ee00000, 0x000000008ee00000|100%| E|CS|TAMS 0x000000008ed00000, 0x000000008ed00000| Complete 
| 144|0x000000008ee00000, 0x000000008ef00000, 0x000000008ef00000|100%| E|CS|TAMS 0x000000008ee00000, 0x000000008ee00000| Complete 
| 145|0x000000008ef00000, 0x000000008f000000, 0x000000008f000000|100%| E|CS|TAMS 0x000000008ef00000, 0x000000008ef00000| Complete 
| 146|0x000000008f000000, 0x000000008f100000, 0x000000008f100000|100%| E|CS|TAMS 0x000000008f000000, 0x000000008f000000| Complete 
| 147|0x000000008f100000, 0x000000008f200000, 0x000000008f200000|100%| E|CS|TAMS 0x000000008f100000, 0x000000008f100000| Complete 
| 148|0x000000008f200000, 0x000000008f300000, 0x000000008f300000|100%| E|CS|TAMS 0x000000008f200000, 0x000000008f200000| Complete 

Card table byte_map: [0x0000011092dd0000,0x00000110931b0000] _byte_map_base: 0x00000110929a1000

Marking Bits (Prev, Next): (CMBitMap*) 0x00000110ff5dc818, (CMBitMap*) 0x00000110ff5dc850
 Prev Bits: [0x0000011093590000, 0x0000011095418000)
 Next Bits: [0x0000011095420000, 0x00000110972a8000)

Polling page: 0x00000110fd470000

Metaspace:

Usage:
  Non-class:     25.68 MB capacity,    25.19 MB ( 98%) used,   435.77 KB (  2%) free+waste,    65.13 KB ( <1%) overhead. 
      Class:      3.29 MB capacity,     2.99 MB ( 91%) used,   274.48 KB (  8%) free+waste,    27.13 KB ( <1%) overhead. 
       Both:     28.97 MB capacity,    28.18 MB ( 97%) used,   710.24 KB (  2%) free+waste,    92.25 KB ( <1%) overhead. 

Virtual space:
  Non-class space:       26.00 MB reserved,      25.75 MB (>99%) committed 
      Class space:        1.00 GB reserved,       3.38 MB ( <1%) committed 
             Both:        1.03 GB reserved,      29.13 MB (  3%) committed 

Chunk freelists:
   Non-Class:  5.00 KB
       Class:  28.00 KB
        Both:  33.00 KB

CodeHeap 'non-profiled nmethods': size=120000Kb used=4281Kb max_used=4281Kb free=115718Kb
 bounds [0x000001108b8a0000, 0x000001108bcd0000, 0x0000011092dd0000]
CodeHeap 'profiled nmethods': size=120000Kb used=19422Kb max_used=19422Kb free=100578Kb
 bounds [0x0000011084370000, 0x0000011085670000, 0x000001108b8a0000]
CodeHeap 'non-nmethods': size=5760Kb used=1159Kb max_used=1211Kb free=4600Kb
 bounds [0x0000011083dd0000, 0x0000011084040000, 0x0000011084370000]
 total_blobs=9948 nmethods=7768 adapters=397
 compilation: enabled
              stopped_count=0, restarted_count=0
 full_count=0

Compilation events (10 events):
Event: 37.719 Thread 0x0000011099abe000 nmethod 7944 0x0000011085652c10 code [0x0000011085652dc0, 0x0000011085652f78]
Event: 37.720 Thread 0x0000011099abe000 7948       1       com.sun.tools.javac.jvm.Items$StackItem::load (2 bytes)
Event: 37.720 Thread 0x0000011099abe000 nmethod 7948 0x000001108bccce90 code [0x000001108bccd040, 0x000001108bccd178]
Event: 37.721 Thread 0x0000011099abe000 7949       2       com.sun.tools.javac.jvm.Code$State::forceStackTop (116 bytes)
Event: 37.722 Thread 0x0000011099abe000 nmethod 7949 0x0000011085653010 code [0x00000110856532a0, 0x0000011085653a90]
Event: 37.723 Thread 0x0000011099abe000 7950       2       sun.nio.fs.WindowsException::rethrowAsIOException (39 bytes)
Event: 37.723 Thread 0x0000011099abe000 nmethod 7950 0x0000011085654010 code [0x00000110856541e0, 0x00000110856543b0]
Event: 37.725 Thread 0x0000011099abe000 7951       2       com.sun.tools.javac.code.Type::getThrownTypes (4 bytes)
Event: 37.725 Thread 0x0000011099abe000 nmethod 7951 0x0000011085654510 code [0x00000110856546c0, 0x0000011085654838]
Event: 37.725 Thread 0x0000011099abe000 7952       2       com.sun.tools.javac.jvm.ClassWriter::writeField (209 bytes)

GC Heap History (10 events):
Event: 34.270 GC heap before
{Heap before GC invocations=17 (full 0):
 garbage-first heap   total 152576K, used 118426K [0x0000000085e00000, 0x0000000100000000)
  region size 1024K, 64 young (65536K), 6 survivors (6144K)
 Metaspace       used 26896K, capacity 27662K, committed 27776K, reserved 1073152K
  class space    used 2926K, capacity 3153K, committed 3200K, reserved 1048576K
}
Event: 34.288 GC heap after
{Heap after GC invocations=18 (full 0):
 garbage-first heap   total 152576K, used 60078K [0x0000000085e00000, 0x0000000100000000)
  region size 1024K, 5 young (5120K), 5 survivors (5120K)
 Metaspace       used 26896K, capacity 27662K, committed 27776K, reserved 1073152K
  class space    used 2926K, capacity 3153K, committed 3200K, reserved 1048576K
}
Event: 34.756 GC heap before
{Heap before GC invocations=18 (full 0):
 garbage-first heap   total 152576K, used 120494K [0x0000000085e00000, 0x0000000100000000)
  region size 1024K, 64 young (65536K), 5 survivors (5120K)
 Metaspace       used 26910K, capacity 27675K, committed 27776K, reserved 1073152K
  class space    used 2927K, capacity 3155K, committed 3200K, reserved 1048576K
}
Event: 34.780 GC heap after
{Heap after GC invocations=19 (full 0):
 garbage-first heap   total 152576K, used 62378K [0x0000000085e00000, 0x0000000100000000)
  region size 1024K, 6 young (6144K), 6 survivors (6144K)
 Metaspace       used 26910K, capacity 27675K, committed 27776K, reserved 1073152K
  class space    used 2927K, capacity 3155K, committed 3200K, reserved 1048576K
}
Event: 35.079 GC heap before
{Heap before GC invocations=19 (full 0):
 garbage-first heap   total 152576K, used 121770K [0x0000000085e00000, 0x0000000100000000)
  region size 1024K, 64 young (65536K), 6 survivors (6144K)
 Metaspace       used 26920K, capacity 27678K, committed 27776K, reserved 1073152K
  class space    used 2928K, capacity 3156K, committed 3200K, reserved 1048576K
}
Event: 35.111 GC heap after
{Heap after GC invocations=20 (full 0):
 garbage-first heap   total 152576K, used 66758K [0x0000000085e00000, 0x0000000100000000)
  region size 1024K, 8 young (8192K), 8 survivors (8192K)
 Metaspace       used 26920K, capacity 27678K, committed 27776K, reserved 1073152K
  class space    used 2928K, capacity 3156K, committed 3200K, reserved 1048576K
}
Event: 35.641 GC heap before
{Heap before GC invocations=20 (full 0):
 garbage-first heap   total 152576K, used 123078K [0x0000000085e00000, 0x0000000100000000)
  region size 1024K, 63 young (64512K), 8 survivors (8192K)
 Metaspace       used 27233K, capacity 27961K, committed 28160K, reserved 1075200K
  class space    used 2940K, capacity 3225K, committed 3328K, reserved 1048576K
}
Event: 35.676 GC heap after
{Heap after GC invocations=21 (full 0):
 garbage-first heap   total 152576K, used 67113K [0x0000000085e00000, 0x0000000100000000)
  region size 1024K, 4 young (4096K), 4 survivors (4096K)
 Metaspace       used 27233K, capacity 27961K, committed 28160K, reserved 1075200K
  class space    used 2940K, capacity 3225K, committed 3328K, reserved 1048576K
}
Event: 36.747 GC heap before
{Heap before GC invocations=21 (full 0):
 garbage-first heap   total 152576K, used 124457K [0x0000000085e00000, 0x0000000100000000)
  region size 1024K, 60 young (61440K), 4 survivors (4096K)
 Metaspace       used 27826K, capacity 28665K, committed 28928K, reserved 1075200K
  class space    used 3002K, capacity 3310K, committed 3328K, reserved 1048576K
}
Event: 36.756 GC heap after
{Heap after GC invocations=22 (full 0):
 garbage-first heap   total 152576K, used 65065K [0x0000000085e00000, 0x0000000100000000)
  region size 1024K, 2 young (2048K), 2 survivors (2048K)
 Metaspace       used 27826K, capacity 28665K, committed 28928K, reserved 1075200K
  class space    used 3002K, capacity 3310K, committed 3328K, reserved 1048576K
}

Deoptimization events (10 events):
Event: 36.874 Thread 0x00000110ff59d800 Uncommon trap: reason=unstable_fused_if action=reinterpret pc=0x000001108bc3aeb8 method=com.sun.tools.javac.util.Convert.chars2utf([CI[BII)I @ 28 c2
Event: 36.876 Thread 0x00000110ff59d800 Uncommon trap: reason=unstable_fused_if action=reinterpret pc=0x000001108bbbb4d8 method=com.sun.tools.javac.util.Convert.chars2utf([CI[BII)I @ 28 c2
Event: 36.918 Thread 0x00000110ff59d800 Uncommon trap: reason=unstable_if action=reinterpret pc=0x000001108bbba9ac method=com.sun.tools.javac.util.IntHashTable.lookup(Ljava/lang/Object;I)I @ 67 c2
Event: 36.918 Thread 0x00000110ff59d800 Uncommon trap: reason=unstable_if action=reinterpret pc=0x000001108bbffc18 method=com.sun.tools.javac.util.IntHashTable.putAtIndex(Ljava/lang/Object;II)I @ 18 c2
Event: 37.417 Thread 0x00000110ff59d800 Uncommon trap: reason=profile_predicate action=maybe_recompile pc=0x000001108bc98398 method=java.lang.PublicMethods$MethodList.filter([Ljava/lang/reflect/Method;Ljava/lang/String;[Ljava/lang/Class;Z)Ljava/lang/PublicMethods$MethodList; @ 21 c2
Event: 37.425 Thread 0x00000110ff59d800 Uncommon trap: reason=class_check action=maybe_recompile pc=0x000001108bc0b630 method=com.sun.tools.javac.code.Type.containsAny(Lcom/sun/tools/javac/util/List;)Z @ 6 c2
Event: 37.427 Thread 0x00000110ff59d800 Uncommon trap: reason=class_check action=maybe_recompile pc=0x000001108bc0b630 method=com.sun.tools.javac.code.Type.containsAny(Lcom/sun/tools/javac/util/List;)Z @ 6 c2
Event: 37.427 Thread 0x00000110ff59d800 Uncommon trap: reason=class_check action=maybe_recompile pc=0x000001108bc0b630 method=com.sun.tools.javac.code.Type.containsAny(Lcom/sun/tools/javac/util/List;)Z @ 6 c2
Event: 37.441 Thread 0x00000110ff59d800 Uncommon trap: reason=class_check action=maybe_recompile pc=0x000001108bc0b630 method=com.sun.tools.javac.code.Type.containsAny(Lcom/sun/tools/javac/util/List;)Z @ 6 c2
Event: 37.445 Thread 0x00000110ff59d800 Uncommon trap: reason=profile_predicate action=maybe_recompile pc=0x000001108bc98398 method=java.lang.PublicMethods$MethodList.filter([Ljava/lang/reflect/Method;Ljava/lang/String;[Ljava/lang/Class;Z)Ljava/lang/PublicMethods$MethodList; @ 21 c2

Classes redefined (0 events):
No events

Internal exceptions (10 events):
Event: 37.434 Thread 0x00000110ff59d800 Exception <a 'java/lang/NoSuchMethodError'{0x000000008e8c4e78}: java.lang.invoke.DirectMethodHandle$Holder.invokeVirtual(Ljava/lang/Object;Ljava/lang/Object;Ljava/lang/Object;)Ljava/lang/Object;> (0x000000008e8c4e78) thrown at [c:/BuildAgent/work/5ff2f6c2
Event: 37.460 Thread 0x00000110ff59d800 Exception <a 'sun/nio/fs/WindowsException'{0x000000008e735ff0}> (0x000000008e735ff0) thrown at [c:/BuildAgent/work/5ff2f6c26000d570/src/hotspot/share/prims/jni.cpp, line 615]
Event: 37.460 Thread 0x00000110ff59d800 Exception <a 'sun/nio/fs/WindowsException'{0x000000008e7366f8}> (0x000000008e7366f8) thrown at [c:/BuildAgent/work/5ff2f6c26000d570/src/hotspot/share/prims/jni.cpp, line 615]
Event: 37.460 Thread 0x00000110ff59d800 Exception <a 'sun/nio/fs/WindowsException'{0x000000008e737070}> (0x000000008e737070) thrown at [c:/BuildAgent/work/5ff2f6c26000d570/src/hotspot/share/prims/jni.cpp, line 615]
Event: 37.676 Thread 0x00000110ff59d800 Exception <a 'sun/nio/fs/WindowsException'{0x000000008e125588}> (0x000000008e125588) thrown at [c:/BuildAgent/work/5ff2f6c26000d570/src/hotspot/share/prims/jni.cpp, line 615]
Event: 37.676 Thread 0x00000110ff59d800 Exception <a 'sun/nio/fs/WindowsException'{0x000000008e125ca8}> (0x000000008e125ca8) thrown at [c:/BuildAgent/work/5ff2f6c26000d570/src/hotspot/share/prims/jni.cpp, line 615]
Event: 37.676 Thread 0x00000110ff59d800 Exception <a 'sun/nio/fs/WindowsException'{0x000000008e126680}> (0x000000008e126680) thrown at [c:/BuildAgent/work/5ff2f6c26000d570/src/hotspot/share/prims/jni.cpp, line 615]
Event: 37.723 Thread 0x00000110ff59d800 Exception <a 'sun/nio/fs/WindowsException'{0x000000008e073ff0}> (0x000000008e073ff0) thrown at [c:/BuildAgent/work/5ff2f6c26000d570/src/hotspot/share/prims/jni.cpp, line 615]
Event: 37.723 Thread 0x00000110ff59d800 Exception <a 'sun/nio/fs/WindowsException'{0x000000008e0746e8}> (0x000000008e0746e8) thrown at [c:/BuildAgent/work/5ff2f6c26000d570/src/hotspot/share/prims/jni.cpp, line 615]
Event: 37.723 Thread 0x00000110ff59d800 Exception <a 'sun/nio/fs/WindowsException'{0x000000008e075008}> (0x000000008e075008) thrown at [c:/BuildAgent/work/5ff2f6c26000d570/src/hotspot/share/prims/jni.cpp, line 615]

Events (10 events):
Event: 37.451 loading class java/util/EnumMap$EntryIterator
Event: 37.451 loading class java/util/EnumMap$EnumMapIterator
Event: 37.451 loading class java/util/EnumMap$EnumMapIterator done
Event: 37.451 loading class java/util/EnumMap$EntryIterator done
Event: 37.452 loading class java/util/EnumMap$EntryIterator$Entry
Event: 37.452 loading class java/util/EnumMap$EntryIterator$Entry done
Event: 37.524 Thread 0x00000110ff59d800 DEOPT PACKING pc=0x00000110854f283e sp=0x000000064daf3500
Event: 37.524 Thread 0x00000110ff59d800 DEOPT UNPACKING pc=0x0000011083df904e sp=0x000000064daf29e8 mode 0
Event: 37.703 Thread 0x00000110ff59d800 DEOPT PACKING pc=0x000001108550e03c sp=0x000000064dafc010
Event: 37.703 Thread 0x00000110ff59d800 DEOPT UNPACKING pc=0x0000011083df904e sp=0x000000064dafb568 mode 0


Dynamic libraries:
0x00007ff7ef750000 - 0x00007ff7ef797000 	D:\Program Files\JetBrains\IntelliJ IDEA 2019.2.2\jbr\bin\java.exe
0x00007ff968100000 - 0x00007ff9682f0000 	C:\WINDOWS\SYSTEM32\ntdll.dll
0x00007ff966fb0000 - 0x00007ff967062000 	C:\WINDOWS\System32\KERNEL32.DLL
0x00007ff965c60000 - 0x00007ff965f03000 	C:\WINDOWS\System32\KERNELBASE.dll
0x00007ff966420000 - 0x00007ff9665b4000 	C:\WINDOWS\System32\USER32.dll
0x00007ff965270000 - 0x00007ff965291000 	C:\WINDOWS\System32\win32u.dll
0x00007ff9665c0000 - 0x00007ff9665e6000 	C:\WINDOWS\System32\GDI32.dll
0x00007ff965fe0000 - 0x00007ff966174000 	C:\WINDOWS\System32\gdi32full.dll
0x00007ff965080000 - 0x00007ff96511e000 	C:\WINDOWS\System32\msvcp_win.dll
0x00007ff965a50000 - 0x00007ff965b4a000 	C:\WINDOWS\System32\ucrtbase.dll
0x00007ff94fd40000 - 0x00007ff94ffc5000 	C:\WINDOWS\WinSxS\amd64_microsoft.windows.common-controls_6595b64144ccf1df_6.0.18362.476_none_e6c4b11b130f2595\COMCTL32.dll
0x00007ff966c30000 - 0x00007ff966cce000 	C:\WINDOWS\System32\msvcrt.dll
0x00007ff966890000 - 0x00007ff966bc6000 	C:\WINDOWS\System32\combase.dll
0x00007ff967400000 - 0x00007ff967520000 	C:\WINDOWS\System32\RPCRT4.dll
0x00007ff965f60000 - 0x00007ff965fe0000 	C:\WINDOWS\System32\bcryptPrimitives.dll
0x00007ff9673d0000 - 0x00007ff9673fe000 	C:\WINDOWS\System32\IMM32.DLL
0x00007ff946e10000 - 0x00007ff946e27000 	D:\Program Files\JetBrains\IntelliJ IDEA 2019.2.2\jbr\bin\vcruntime140.dll
0x00007ff923600000 - 0x00007ff92369d000 	D:\Program Files\JetBrains\IntelliJ IDEA 2019.2.2\jbr\bin\msvcp140.dll
0x00007ff915720000 - 0x00007ff9161d7000 	D:\Program Files\JetBrains\IntelliJ IDEA 2019.2.2\jbr\bin\server\jvm.dll
0x00007ff966230000 - 0x00007ff9662d3000 	C:\WINDOWS\System32\ADVAPI32.dll
0x00007ff9672c0000 - 0x00007ff967357000 	C:\WINDOWS\System32\sechost.dll
0x00007ff9665f0000 - 0x00007ff9665f8000 	C:\WINDOWS\System32\PSAPI.DLL
0x00007ff943940000 - 0x00007ff943949000 	C:\WINDOWS\SYSTEM32\WSOCK32.dll
0x00007ff966820000 - 0x00007ff96688f000 	C:\WINDOWS\System32\WS2_32.dll
0x00007ff9547b0000 - 0x00007ff9547ba000 	C:\WINDOWS\SYSTEM32\VERSION.dll
0x00007ff959f80000 - 0x00007ff959fa4000 	C:\WINDOWS\SYSTEM32\WINMM.dll
0x00007ff959f50000 - 0x00007ff959f7d000 	C:\WINDOWS\SYSTEM32\winmmbase.dll
0x00007ff965f10000 - 0x00007ff965f5a000 	C:\WINDOWS\System32\cfgmgr32.dll
0x00007ff965000000 - 0x00007ff965011000 	C:\WINDOWS\System32\kernel.appcore.dll
0x00007ff947d00000 - 0x00007ff947d11000 	D:\Program Files\JetBrains\IntelliJ IDEA 2019.2.2\jbr\bin\verify.dll
0x00007ff9638e0000 - 0x00007ff963ad4000 	C:\WINDOWS\SYSTEM32\DBGHELP.DLL
0x00007ff948990000 - 0x00007ff9489ba000 	C:\WINDOWS\SYSTEM32\dbgcore.DLL
0x00007ff947770000 - 0x00007ff947799000 	D:\Program Files\JetBrains\IntelliJ IDEA 2019.2.2\jbr\bin\java.dll
0x00007ff95a9b0000 - 0x00007ff95a9e4000 	D:\Program Files\JetBrains\IntelliJ IDEA 2019.2.2\jbr\bin\instrument.dll
0x00007ff9431a0000 - 0x00007ff9431b7000 	D:\Program Files\JetBrains\IntelliJ IDEA 2019.2.2\jbr\bin\zip.dll
0x00007ff947b20000 - 0x00007ff947b2b000 	D:\Program Files\JetBrains\IntelliJ IDEA 2019.2.2\jbr\bin\jimage.dll
0x00007ff967530000 - 0x00007ff967c15000 	C:\WINDOWS\System32\SHELL32.dll
0x00007ff966180000 - 0x00007ff966229000 	C:\WINDOWS\System32\shcore.dll
0x00007ff9652a0000 - 0x00007ff965a1e000 	C:\WINDOWS\System32\windows.storage.dll
0x00007ff965020000 - 0x00007ff96503f000 	C:\WINDOWS\System32\profapi.dll
0x00007ff964fb0000 - 0x00007ff964ffa000 	C:\WINDOWS\System32\powrprof.dll
0x00007ff964fa0000 - 0x00007ff964fb0000 	C:\WINDOWS\System32\UMPDC.dll
0x00007ff966bd0000 - 0x00007ff966c22000 	C:\WINDOWS\System32\shlwapi.dll
0x00007ff965060000 - 0x00007ff965077000 	C:\WINDOWS\System32\cryptsp.dll
0x00007ff939350000 - 0x00007ff93936a000 	D:\Program Files\JetBrains\IntelliJ IDEA 2019.2.2\jbr\bin\net.dll
0x00007ff958180000 - 0x00007ff958270000 	C:\WINDOWS\SYSTEM32\WINHTTP.dll
0x00007ff951350000 - 0x00007ff951526000 	C:\WINDOWS\SYSTEM32\urlmon.dll
0x00007ff9517b0000 - 0x00007ff951a56000 	C:\WINDOWS\SYSTEM32\iertutil.dll
0x00007ff9649e0000 - 0x00007ff9649ec000 	C:\WINDOWS\SYSTEM32\CRYPTBASE.DLL
0x00007ff964810000 - 0x00007ff964877000 	C:\WINDOWS\system32\mswsock.dll
0x00007ff934ac0000 - 0x00007ff934ad4000 	D:\Program Files\JetBrains\IntelliJ IDEA 2019.2.2\jbr\bin\nio.dll
0x00007ff95bc60000 - 0x00007ff95bc7a000 	D:\Program Files\JetBrains\IntelliJ IDEA 2019.2.2\bin\breakgen64.dll
0x00007ff964380000 - 0x00007ff9643b3000 	C:\WINDOWS\system32\rsaenh.dll
0x00007ff965a20000 - 0x00007ff965a46000 	C:\WINDOWS\System32\bcrypt.dll
0x00007ff964e90000 - 0x00007ff964eb5000 	C:\WINDOWS\SYSTEM32\USERENV.dll
0x00007ff964520000 - 0x00007ff96455a000 	C:\WINDOWS\SYSTEM32\IPHLPAPI.DLL
0x00007ff967520000 - 0x00007ff967528000 	C:\WINDOWS\System32\NSI.dll
0x00007ff95c760000 - 0x00007ff95c776000 	C:\WINDOWS\SYSTEM32\dhcpcsvc6.DLL
0x00007ff95c740000 - 0x00007ff95c75c000 	C:\WINDOWS\SYSTEM32\dhcpcsvc.DLL
0x00007ff964560000 - 0x00007ff96462a000 	C:\WINDOWS\SYSTEM32\DNSAPI.dll
0x00007ff95ea30000 - 0x00007ff95ea3a000 	C:\Users\GW00174485\AppData\Local\Temp\jansi-1.17.1-13624408725968758077.dll
0x00007ff95ab40000 - 0x00007ff95ab4a000 	C:\Users\GW00174485\AppData\Local\Temp\jansi-1.17.1-18266989183148655708.dll

dbghelp: loaded successfully - version: 4.0.5 - missing functions: none
symbol engine: initialized successfully - sym options: 0x614 - pdb path: .;D:\Program Files\JetBrains\IntelliJ IDEA 2019.2.2\jbr\bin;C:\WINDOWS\SYSTEM32;C:\WINDOWS\WinSxS\amd64_microsoft.windows.common-controls_6595b64144ccf1df_6.0.18362.476_none_e6c4b11b130f2595;D:\Program Files\JetBrains\IntelliJ IDEA 2019.2.2\jbr\bin\server;D:\Program Files\JetBrains\IntelliJ IDEA 2019.2.2\bin;C:\Users\GW00174485\AppData\Local\Temp

VM Arguments:
jvm_args: -Dmaven.multiModuleProjectDirectory=E:\Source\gitlab38\gwm-eitt-platform -Dmaven.home=D:\apache-maven-3.6.1 -Dclassworlds.conf=D:\apache-maven-3.6.1\bin\m2.conf -Dmaven.ext.class.path=D:\Program Files\JetBrains\IntelliJ IDEA 2019.2.2\plugins\maven\lib\maven-event-listener.jar -javaagent:D:\Program Files\JetBrains\IntelliJ IDEA 2019.2.2\lib\idea_rt.jar=60319:D:\Program Files\JetBrains\IntelliJ IDEA 2019.2.2\bin -Dfile.encoding=UTF-8 
java_command: org.codehaus.classworlds.Launcher -Didea.version2019.2.2 -s D:\apache-maven-3.6.1\conf\settings.xml -Dmaven.repo.local=E:\Maven\Repository compile
java_class_path (initial): D:\apache-maven-3.6.1\boot\plexus-classworlds-2.6.0.jar
Launcher Type: SUN_STANDARD

[Global flags]
     intx CICompilerCount                          = 4                                         {product} {ergonomic}
     uint ConcGCThreads                            = 2                                         {product} {ergonomic}
     uint G1ConcRefinementThreads                  = 8                                         {product} {ergonomic}
   size_t G1HeapRegionSize                         = 1048576                                   {product} {ergonomic}
    uintx GCDrainStackTargetSize                   = 64                                        {product} {ergonomic}
   size_t InitialHeapSize                          = 130023424                                 {product} {ergonomic}
   size_t MarkStackSize                            = 4194304                                   {product} {ergonomic}
   size_t MaxHeapSize                              = 2048917504                                {product} {ergonomic}
   size_t MaxNewSize                               = 1228931072                                {product} {ergonomic}
   size_t MinHeapDeltaBytes                        = 1048576                                   {product} {ergonomic}
    uintx NonNMethodCodeHeapSize                   = 5835340                                {pd product} {ergonomic}
    uintx NonProfiledCodeHeapSize                  = 122911450                              {pd product} {ergonomic}
    uintx ProfiledCodeHeapSize                     = 122911450                              {pd product} {ergonomic}
    uintx ReservedCodeCacheSize                    = 251658240                              {pd product} {ergonomic}
     bool SegmentedCodeCache                       = true                                      {product} {ergonomic}
     bool UseCompressedClassPointers               = true                                 {lp64_product} {ergonomic}
     bool UseCompressedOops                        = true                                 {lp64_product} {ergonomic}
     bool UseG1GC                                  = true                                      {product} {ergonomic}
     bool UseLargePagesIndividualAllocation        = false                                  {pd product} {ergonomic}

Logging:
Log output configuration:
 #0: stdout all=warning uptime,level,tags
 #1: stderr all=off uptime,level,tags

Environment Variables:
JAVA_HOME=D:\Program Files\Java\jdk1.8.0_162
PATH=C:\Python27\;C:\Python27\Scripts;D:\Program Files (x86)\NetSarang\Xftp 6\;D:\Program Files (x86)\NetSarang\Xshell 6\;D:\apache-maven-3.6.1\bin;D:\Program Files\Java\jdk1.8.0_162\bin;D:\Program Files\Java\jdk1.8.0_162\jre\bin;C:\ProgramData\Oracle\Java\javapath;C:\WINDOWS\system32;C:\WINDOWS;C:\WINDOWS\System32\Wbem;C:\WINDOWS\System32\WindowsPowerShell\v1.0\;C:\WINDOWS\System32\OpenSSH\;C:\Windows\CCM;D:\Program Files\Git\cmd;C:\ProgramData\chocolatey\bin;D:\Program Files\nodejs\;D:\Program Files\TortoiseSVN\bin;D:\Program Files\TortoiseGit\bin;C:\Program Files\dotnet\;C:\Program Files\Microsoft SQL Server\130\Tools\Binn\;C:\Program Files\Microsoft SQL Server\Client SDK\ODBC\170\Tools\Binn\;C:\Users\GW00174485\AppData\Local\Microsoft\WindowsApps;;c:\program files\esafenet\cobra docguard client;D:\Users\GW00174485\AppData\Local\Programs\Microsoft VS Code\bin;C:\Users\GW00174485\AppData\Roaming\npm
USERNAME=GW00174485
OS=Windows_NT
PROCESSOR_IDENTIFIER=Intel64 Family 6 Model 142 Stepping 12, GenuineIntel



---------------  S Y S T E M  ---------------

OS: Windows 10 , 64 bit Build 18362 (10.0.18362.329)

CPU:total 8 (initial active 8) (4 cores per cpu, 2 threads per core) family 6 model 142 stepping 12, cmov, cx8, fxsr, mmx, sse, sse2, sse3, ssse3, sse4.1, sse4.2, popcnt, avx, avx2, aes, clmul, erms, 3dnowpref, lzcnt, ht, tsc, tscinvbit, bmi1, bmi2, adx, fma

Memory: 4k page, system-wide physical 7813M (301M free)
TotalPageFile size 22986M (AvailPageFile size 6M)
current process WorkingSet (physical memory assigned to process): 275M, peak: 278M
current process commit charge ("private bytes"): 332M, peak: 335M

vm_info: OpenJDK 64-Bit Server VM (11.0.3+12-b304.56) for windows-amd64 JRE (11.0.3+12-b304.56), built on Sep  3 2019 10:54:25 by "" with MS VC++ 14.0 (VS2015)

END.
